Running on host node31-039
Time is Thu Oct 18 12:13:04 BST 2018
Directory is /panfs/panasas01/cosc/mr16338/intro-hpc-stencil
PBS job ID is 7552227.master.cm.cluster
------------------------------------
 runtime: 4.567913 s
------------------------------------
------------------------------------
 runtime: 4.565944 s
------------------------------------
------------------------------------
 runtime: 4.569988 s
------------------------------------
------------------------------------
 runtime: 4.567405 s
------------------------------------
------------------------------------
 runtime: 4.563719 s
------------------------------------
------------------------------------
 runtime: 4.570335 s
------------------------------------
------------------------------------
 runtime: 4.568050 s
------------------------------------
------------------------------------
 runtime: 4.571128 s
------------------------------------
------------------------------------
 runtime: 4.562434 s
------------------------------------
------------------------------------
 runtime: 4.575667 s
------------------------------------
