Running on host node31-039
Time is Thu Oct 18 12:40:22 BST 2018
Directory is /panfs/panasas01/cosc/mr16338/intro-hpc-stencil
PBS job ID is 7552624.master.cm.cluster
------------------------------------
 runtime: 17.281810 s
------------------------------------
------------------------------------
 runtime: 17.274808 s
------------------------------------
------------------------------------
 runtime: 17.273645 s
------------------------------------
------------------------------------
 runtime: 17.273198 s
------------------------------------
------------------------------------
 runtime: 17.264187 s
------------------------------------
------------------------------------
 runtime: 17.277872 s
------------------------------------
------------------------------------
 runtime: 17.285459 s
------------------------------------
------------------------------------
 runtime: 17.286893 s
------------------------------------
------------------------------------
 runtime: 17.257754 s
------------------------------------
------------------------------------
 runtime: 17.280616 s
------------------------------------
