Running on host node31-029
Time is Fri Oct 19 18:51:33 BST 2018
Directory is /panfs/panasas01/cosc/mr16338/intro-hpc-stencil
PBS job ID is 7562869.master.cm.cluster
------------------------------------
 runtime: 0.236385 s
------------------------------------
------------------------------------
 runtime: 0.235722 s
------------------------------------
------------------------------------
 runtime: 0.236126 s
------------------------------------
------------------------------------
 runtime: 0.235991 s
------------------------------------
------------------------------------
 runtime: 0.236251 s
------------------------------------
------------------------------------
 runtime: 0.235353 s
------------------------------------
------------------------------------
 runtime: 0.235628 s
------------------------------------
------------------------------------
 runtime: 0.236811 s
------------------------------------
------------------------------------
 runtime: 0.236168 s
------------------------------------
------------------------------------
 runtime: 0.236088 s
------------------------------------
