Running on host node31-030
Time is Thu Oct 18 22:48:43 BST 2018
Directory is /panfs/panasas01/cosc/mr16338/intro-hpc-stencil/Next
PBS job ID is 7558159.master.cm.cluster
------------------------------------
 runtime: 21.179136 s
------------------------------------
------------------------------------
 runtime: 21.240348 s
------------------------------------
------------------------------------
 runtime: 21.231897 s
------------------------------------
------------------------------------
 runtime: 21.225604 s
------------------------------------
------------------------------------
 runtime: 21.224264 s
------------------------------------
------------------------------------
 runtime: 21.247810 s
------------------------------------
------------------------------------
 runtime: 21.223259 s
------------------------------------
------------------------------------
 runtime: 21.178310 s
------------------------------------
------------------------------------
 runtime: 21.233697 s
------------------------------------
------------------------------------
 runtime: 21.226212 s
------------------------------------
