Running on host node31-035
Time is Thu Oct 18 19:52:14 BST 2018
Directory is /panfs/panasas01/cosc/mr16338/intro-hpc-stencil/Next
PBS job ID is 7556846.master.cm.cluster
------------------------------------
 runtime: 12.874517 s
------------------------------------
------------------------------------
 runtime: 12.878809 s
------------------------------------
------------------------------------
 runtime: 12.881579 s
------------------------------------
------------------------------------
 runtime: 12.877192 s
------------------------------------
------------------------------------
 runtime: 12.873146 s
------------------------------------
------------------------------------
 runtime: 12.873301 s
------------------------------------
------------------------------------
 runtime: 12.871892 s
------------------------------------
------------------------------------
 runtime: 12.885741 s
------------------------------------
------------------------------------
 runtime: 12.881067 s
------------------------------------
------------------------------------
 runtime: 12.902225 s
------------------------------------
