Running on host node31-033
Time is Thu Oct 18 19:52:14 BST 2018
Directory is /panfs/panasas01/cosc/mr16338/intro-hpc-stencil/Next
PBS job ID is 7556845.master.cm.cluster
------------------------------------
 runtime: 0.780876 s
------------------------------------
------------------------------------
 runtime: 0.787760 s
------------------------------------
------------------------------------
 runtime: 0.783564 s
------------------------------------
------------------------------------
 runtime: 0.784575 s
------------------------------------
------------------------------------
 runtime: 0.785525 s
------------------------------------
------------------------------------
 runtime: 0.782102 s
------------------------------------
------------------------------------
 runtime: 0.781917 s
------------------------------------
------------------------------------
 runtime: 0.784197 s
------------------------------------
------------------------------------
 runtime: 0.781308 s
------------------------------------
------------------------------------
 runtime: 0.786103 s
------------------------------------
